<?xml version="1.0" encoding="UTF-8"?>
<!-- Generated by org.testng.reporters.JUnitReportReporter -->
<testsuite hostname="DPS-Chandana" name="scripts.GoogleTest" tests="2" failures="0" timestamp="6 Aug 2018 06:32:34 GMT" time="3.876" errors="0">
  <testcase name="page" time="1.495" classname="scripts.GoogleTest"/>
  <testcase name="search" time="2.381" classname="scripts.GoogleTest"/>
</testsuite> <!-- scripts.GoogleTest -->
