<?xml version="1.0" encoding="UTF-8"?>
<!-- Generated by org.testng.reporters.JUnitReportReporter -->
<testsuite hostname="DPS-Chandana" name="scripts.JSTest" tests="1" failures="0" timestamp="2 Aug 2018 08:23:51 GMT" time="0.028" errors="0">
  <testcase name="jsexecute" time="0.028" classname="scripts.JSTest"/>
</testsuite> <!-- scripts.JSTest -->
