<?xml version="1.0" encoding="UTF-8"?>
<!-- Generated by org.testng.reporters.JUnitReportReporter -->
<testsuite hostname="DPS-Chandana" name="scripts.SptTest" tests="1" failures="0" timestamp="14 Aug 2018 05:55:31 GMT" time="10.103" errors="0">
  <testcase name="sptLogin" time="10.103" classname="scripts.SptTest"/>
</testsuite> <!-- scripts.SptTest -->
